2023-12-06 11:11:24.555 INFO  [com.main.ArchiveApplication] - Starting ArchiveApplication using Java 17.0.9 with PID 1464 (C:\Users\kcs\eclipse\jee-2023-09\workspace\Archive\bin\main started by kcs in C:\Users\kcs\eclipse\jee-2023-09\workspace\Archive)
2023-12-06 11:11:24.559 INFO  [com.main.ArchiveApplication] - The following 1 profile is active: "local"
2023-12-06 11:11:24.599 INFO  [o.s.b.d.e.DevToolsPropertyDefaultsPostProcessor] - Devtools property defaults active! Set 'spring.devtools.add-properties' to 'false' to disable
2023-12-06 11:11:24.599 INFO  [o.s.b.d.e.DevToolsPropertyDefaultsPostProcessor] - For additional web related logging consider setting the 'logging.level.web' property to 'DEBUG'
2023-12-06 11:11:25.457 INFO  [o.s.b.w.embedded.tomcat.TomcatWebServer] - Tomcat initialized with port 8080 (http)
2023-12-06 11:11:25.465 INFO  [o.apache.coyote.http11.Http11NioProtocol] - Initializing ProtocolHandler ["http-nio-8080"]
2023-12-06 11:11:25.466 INFO  [o.apache.catalina.core.StandardService] - Starting service [Tomcat]
2023-12-06 11:11:25.467 INFO  [org.apache.catalina.core.StandardEngine] - Starting Servlet engine: [Apache Tomcat/10.1.16]
2023-12-06 11:11:25.607 INFO  [org.apache.jasper.servlet.TldScanner] - At least one JAR was scanned for TLDs yet contained no TLDs. Enable debug logging for this logger for a complete list of JARs that were scanned but no TLDs were found in them. Skipping unneeded JARs during scanning can improve startup time and JSP compilation time.
2023-12-06 11:11:25.613 INFO  [o.a.c.c.C.[Tomcat].[localhost].[/]] - Initializing Spring embedded WebApplicationContext
2023-12-06 11:11:25.613 INFO  [o.s.b.w.s.c.ServletWebServerApplicationContext] - Root WebApplicationContext: initialization completed in 1014 ms
2023-12-06 11:11:25.697 INFO  [com.zaxxer.hikari.HikariDataSource] - HikariCP - Starting...
2023-12-06 11:11:25.770 INFO  [com.zaxxer.hikari.pool.HikariPool] - HikariCP - Added connection net.sf.log4jdbc.sql.jdbcapi.ConnectionSpy@2283355c
2023-12-06 11:11:25.773 INFO  [com.zaxxer.hikari.HikariDataSource] - HikariCP - Start completed.
2023-12-06 11:11:25.941 INFO  [o.s.b.a.w.s.WelcomePageHandlerMapping] - Adding welcome page template: index
2023-12-06 11:11:26.160 INFO  [o.s.b.d.a.OptionalLiveReloadServer] - LiveReload server is running on port 35729
2023-12-06 11:11:26.177 INFO  [o.apache.coyote.http11.Http11NioProtocol] - Starting ProtocolHandler ["http-nio-8080"]
2023-12-06 11:11:26.208 INFO  [o.s.b.w.embedded.tomcat.TomcatWebServer] - Tomcat started on port 8080 (http) with context path ''
2023-12-06 11:11:26.225 INFO  [com.main.ArchiveApplication] - Started ArchiveApplication in 2.216 seconds (process running for 3.063)
2023-12-06 11:11:28.500 INFO  [o.a.c.c.C.[Tomcat].[localhost].[/]] - Initializing Spring DispatcherServlet 'dispatcherServlet'
2023-12-06 11:11:28.500 INFO  [o.s.web.servlet.DispatcherServlet] - Initializing Servlet 'dispatcherServlet'
2023-12-06 11:11:28.506 INFO  [o.s.web.servlet.DispatcherServlet] - Completed initialization in 6 ms
2023-12-06 11:11:31.516 INFO  [com.main.controller.BoardController] - board
2023-12-06 11:11:46.856 INFO  [com.main.controller.BoardController] - board
2023-12-06 11:12:58.394 INFO  [com.main.controller.BoardController] - board
2023-12-06 11:12:59.568 INFO  [com.main.controller.BoardController] - board
2023-12-06 11:12:59.913 INFO  [com.main.controller.BoardController] - board
2023-12-06 11:13:00.147 INFO  [com.main.controller.BoardController] - board
2023-12-06 11:13:00.383 INFO  [com.main.controller.BoardController] - board
2023-12-06 11:13:19.395 INFO  [com.main.controller.BoardController] - board
2023-12-06 11:13:20.453 INFO  [com.main.controller.BoardController] - board
2023-12-06 11:13:21.506 INFO  [com.main.controller.BoardController] - board
2023-12-06 11:13:23.096 INFO  [com.main.controller.BoardController] - board
2023-12-06 11:13:27.405 INFO  [com.main.controller.BoardController] - board
2023-12-06 11:13:43.653 INFO  [com.main.controller.BoardController] - board
2023-12-06 11:13:46.473 INFO  [com.main.controller.BoardController] - board
2023-12-06 11:14:50.768 INFO  [com.main.controller.BoardController] - board
2023-12-06 11:14:51.363 INFO  [com.main.controller.BoardController] - board
2023-12-06 11:14:53.406 INFO  [com.main.controller.BoardController] - board
2023-12-06 11:15:02.314 INFO  [com.main.controller.BoardController] - board
2023-12-06 11:15:15.010 INFO  [com.main.controller.BoardController] - board
2023-12-06 11:16:32.340 INFO  [com.main.controller.BoardController] - board
2023-12-06 11:16:43.418 INFO  [com.main.controller.BoardController] - board
2023-12-06 11:17:16.310 INFO  [com.main.controller.BoardController] - board
2023-12-06 14:03:13.003 INFO  [com.main.controller.BoardController] - board
2023-12-06 14:30:01.368 INFO  [com.main.controller.BoardController] - board
2023-12-06 15:01:58.088 INFO  [o.s.b.a.SpringApplicationAdminMXBeanRegistrar$SpringApplicationAdmin] - Application shutdown requested.
2023-12-06 15:01:58.091 INFO  [o.apache.coyote.http11.Http11NioProtocol] - Stopping ProtocolHandler ["http-nio-8080"]
2023-12-06 15:01:58.108 INFO  [com.zaxxer.hikari.HikariDataSource] - HikariCP - Shutdown initiated...
2023-12-06 15:01:58.111 INFO  [com.zaxxer.hikari.HikariDataSource] - HikariCP - Shutdown completed.
2023-12-06 15:02:02.822 INFO  [com.main.ArchiveApplication] - Starting ArchiveApplication using Java 17.0.9 with PID 9268 (C:\Users\kcs\eclipse\jee-2023-09\workspace\Archive\bin\main started by kcs in C:\Users\kcs\eclipse\jee-2023-09\workspace\Archive)
2023-12-06 15:02:02.823 INFO  [com.main.ArchiveApplication] - The following 1 profile is active: "local"
2023-12-06 15:02:02.864 INFO  [o.s.b.d.e.DevToolsPropertyDefaultsPostProcessor] - Devtools property defaults active! Set 'spring.devtools.add-properties' to 'false' to disable
2023-12-06 15:02:02.864 INFO  [o.s.b.d.e.DevToolsPropertyDefaultsPostProcessor] - For additional web related logging consider setting the 'logging.level.web' property to 'DEBUG'
2023-12-06 15:02:03.706 INFO  [o.s.b.w.embedded.tomcat.TomcatWebServer] - Tomcat initialized with port 8080 (http)
2023-12-06 15:02:03.712 INFO  [o.apache.coyote.http11.Http11NioProtocol] - Initializing ProtocolHandler ["http-nio-8080"]
2023-12-06 15:02:03.713 INFO  [o.apache.catalina.core.StandardService] - Starting service [Tomcat]
2023-12-06 15:02:03.713 INFO  [org.apache.catalina.core.StandardEngine] - Starting Servlet engine: [Apache Tomcat/10.1.16]
2023-12-06 15:02:03.850 INFO  [org.apache.jasper.servlet.TldScanner] - At least one JAR was scanned for TLDs yet contained no TLDs. Enable debug logging for this logger for a complete list of JARs that were scanned but no TLDs were found in them. Skipping unneeded JARs during scanning can improve startup time and JSP compilation time.
2023-12-06 15:02:03.856 INFO  [o.a.c.c.C.[Tomcat].[localhost].[/]] - Initializing Spring embedded WebApplicationContext
2023-12-06 15:02:03.856 INFO  [o.s.b.w.s.c.ServletWebServerApplicationContext] - Root WebApplicationContext: initialization completed in 991 ms
2023-12-06 15:02:03.931 INFO  [com.zaxxer.hikari.HikariDataSource] - HikariCP - Starting...
2023-12-06 15:02:03.995 INFO  [com.zaxxer.hikari.pool.HikariPool] - HikariCP - Added connection net.sf.log4jdbc.sql.jdbcapi.ConnectionSpy@20c62f43
2023-12-06 15:02:03.997 INFO  [com.zaxxer.hikari.HikariDataSource] - HikariCP - Start completed.
2023-12-06 15:02:04.152 INFO  [o.s.b.a.w.s.WelcomePageHandlerMapping] - Adding welcome page template: index
2023-12-06 15:02:04.441 INFO  [o.s.b.d.a.OptionalLiveReloadServer] - LiveReload server is running on port 35729
2023-12-06 15:02:04.456 INFO  [o.apache.coyote.http11.Http11NioProtocol] - Starting ProtocolHandler ["http-nio-8080"]
2023-12-06 15:02:04.480 INFO  [o.s.b.w.embedded.tomcat.TomcatWebServer] - Tomcat started on port 8080 (http) with context path ''
2023-12-06 15:02:04.488 INFO  [com.main.ArchiveApplication] - Started ArchiveApplication in 2.09 seconds (process running for 2.772)
2023-12-06 15:02:05.969 INFO  [o.a.c.c.C.[Tomcat].[localhost].[/]] - Initializing Spring DispatcherServlet 'dispatcherServlet'
2023-12-06 15:02:05.969 INFO  [o.s.web.servlet.DispatcherServlet] - Initializing Servlet 'dispatcherServlet'
2023-12-06 15:02:05.970 INFO  [o.s.web.servlet.DispatcherServlet] - Completed initialization in 1 ms
2023-12-06 15:26:26.575 INFO  [com.main.controller.BoardController] - board
2023-12-06 15:28:04.191 INFO  [com.main.controller.BoardController] - board
2023-12-06 15:50:37.524 INFO  [com.main.ArchiveApplication] - Starting ArchiveApplication using Java 17.0.9 with PID 9688 (C:\Users\kcs\eclipse\jee-2023-09\workspace\Archive\bin\main started by kcs in C:\Users\kcs\eclipse\jee-2023-09\workspace\Archive)
2023-12-06 15:50:37.526 INFO  [com.main.ArchiveApplication] - The following 1 profile is active: "local"
2023-12-06 15:50:37.561 INFO  [o.s.b.d.e.DevToolsPropertyDefaultsPostProcessor] - Devtools property defaults active! Set 'spring.devtools.add-properties' to 'false' to disable
2023-12-06 15:50:37.561 INFO  [o.s.b.d.e.DevToolsPropertyDefaultsPostProcessor] - For additional web related logging consider setting the 'logging.level.web' property to 'DEBUG'
2023-12-06 15:50:38.392 INFO  [o.s.b.w.embedded.tomcat.TomcatWebServer] - Tomcat initialized with port 8080 (http)
2023-12-06 15:50:38.398 INFO  [o.apache.coyote.http11.Http11NioProtocol] - Initializing ProtocolHandler ["http-nio-8080"]
2023-12-06 15:50:38.401 INFO  [o.apache.catalina.core.StandardService] - Starting service [Tomcat]
2023-12-06 15:50:38.401 INFO  [org.apache.catalina.core.StandardEngine] - Starting Servlet engine: [Apache Tomcat/10.1.16]
2023-12-06 15:50:38.533 INFO  [org.apache.jasper.servlet.TldScanner] - At least one JAR was scanned for TLDs yet contained no TLDs. Enable debug logging for this logger for a complete list of JARs that were scanned but no TLDs were found in them. Skipping unneeded JARs during scanning can improve startup time and JSP compilation time.
2023-12-06 15:50:38.539 INFO  [o.a.c.c.C.[Tomcat].[localhost].[/]] - Initializing Spring embedded WebApplicationContext
2023-12-06 15:50:38.539 INFO  [o.s.b.w.s.c.ServletWebServerApplicationContext] - Root WebApplicationContext: initialization completed in 978 ms
2023-12-06 15:50:38.613 INFO  [com.zaxxer.hikari.HikariDataSource] - HikariCP - Starting...
2023-12-06 15:50:38.678 INFO  [com.zaxxer.hikari.pool.HikariPool] - HikariCP - Added connection net.sf.log4jdbc.sql.jdbcapi.ConnectionSpy@d8ef79
2023-12-06 15:50:38.680 INFO  [com.zaxxer.hikari.HikariDataSource] - HikariCP - Start completed.
2023-12-06 15:50:38.834 INFO  [o.s.b.a.w.s.WelcomePageHandlerMapping] - Adding welcome page template: index
2023-12-06 15:50:39.099 INFO  [o.s.b.d.a.OptionalLiveReloadServer] - LiveReload server is running on port 35729
2023-12-06 15:50:39.112 INFO  [o.apache.coyote.http11.Http11NioProtocol] - Starting ProtocolHandler ["http-nio-8080"]
2023-12-06 15:50:39.136 INFO  [o.s.b.w.embedded.tomcat.TomcatWebServer] - Tomcat started on port 8080 (http) with context path ''
2023-12-06 15:50:39.144 INFO  [com.main.ArchiveApplication] - Started ArchiveApplication in 2.025 seconds (process running for 2.759)
2023-12-06 15:50:40.649 INFO  [o.a.c.c.C.[Tomcat].[localhost].[/]] - Initializing Spring DispatcherServlet 'dispatcherServlet'
2023-12-06 15:50:40.649 INFO  [o.s.web.servlet.DispatcherServlet] - Initializing Servlet 'dispatcherServlet'
2023-12-06 15:50:40.650 INFO  [o.s.web.servlet.DispatcherServlet] - Completed initialization in 1 ms
2023-12-06 15:50:40.688 INFO  [com.main.controller.BoardController] - board
2023-12-06 15:50:56.935 INFO  [com.main.controller.BoardController] - board
2023-12-06 15:51:52.001 INFO  [com.main.controller.BoardController] - board
2023-12-06 15:51:54.406 INFO  [com.main.controller.BoardController] - board
2023-12-06 15:52:01.988 INFO  [com.main.controller.BoardController] - board
2023-12-06 15:52:04.424 INFO  [com.main.controller.BoardController] - board
2023-12-06 15:54:25.427 INFO  [com.main.controller.BoardController] - board
2023-12-06 15:54:29.138 INFO  [com.main.controller.BoardController] - board
2023-12-06 15:55:13.633 INFO  [com.main.controller.BoardController] - board
2023-12-06 15:55:16.862 INFO  [com.main.controller.BoardController] - board
2023-12-06 15:56:07.924 INFO  [com.main.controller.BoardController] - board
2023-12-06 15:57:43.469 INFO  [com.main.controller.BoardController] - board
2023-12-06 15:57:45.416 INFO  [com.main.controller.BoardController] - board
2023-12-06 15:58:00.606 INFO  [com.main.controller.BoardController] - board
2023-12-06 15:58:03.167 INFO  [com.main.controller.BoardController] - board
2023-12-06 15:58:08.421 INFO  [com.main.controller.BoardController] - board
2023-12-06 16:11:08.886 INFO  [com.main.controller.BoardController] - board
2023-12-06 16:11:10.513 INFO  [com.main.controller.BoardController] - board
2023-12-06 16:12:32.286 INFO  [com.main.controller.BoardController] - board
2023-12-06 16:14:28.949 INFO  [com.main.controller.BoardController] - board
2023-12-06 16:20:01.066 INFO  [com.main.controller.BoardController] - board
2023-12-06 16:20:24.901 INFO  [com.main.controller.BoardController] - board
2023-12-06 16:20:26.747 INFO  [com.main.controller.BoardController] - board
2023-12-06 16:20:46.467 INFO  [com.main.controller.BoardController] - board
2023-12-06 16:24:40.257 INFO  [com.main.controller.BoardController] - board
2023-12-06 16:24:43.371 INFO  [com.main.controller.BoardController] - board
2023-12-06 17:03:18.266 INFO  [com.main.controller.BoardController] - board
2023-12-06 17:03:20.387 INFO  [com.main.controller.BoardController] - board
2023-12-06 17:04:39.414 INFO  [com.main.controller.BoardController] - board
2023-12-06 17:04:41.006 INFO  [com.main.controller.BoardController] - board
2023-12-06 17:11:02.142 INFO  [com.main.controller.BoardController] - board
2023-12-06 17:16:02.804 INFO  [com.main.controller.BoardController] - board
2023-12-06 17:16:57.490 INFO  [com.main.controller.BoardController] - board
2023-12-06 17:19:07.893 INFO  [o.s.b.a.SpringApplicationAdminMXBeanRegistrar$SpringApplicationAdmin] - Application shutdown requested.
2023-12-06 17:19:07.897 INFO  [o.apache.coyote.http11.Http11NioProtocol] - Stopping ProtocolHandler ["http-nio-8080"]
2023-12-06 17:19:07.912 INFO  [com.zaxxer.hikari.HikariDataSource] - HikariCP - Shutdown initiated...
2023-12-06 17:19:07.914 INFO  [com.zaxxer.hikari.HikariDataSource] - HikariCP - Shutdown completed.
2023-12-06 17:25:53.503 INFO  [com.main.ArchiveApplicationTests] - Starting ArchiveApplicationTests using Java 17.0.9 with PID 6376 (started by kcs in C:\Users\kcs\eclipse\jee-2023-09\workspace\Archive)
2023-12-06 17:25:53.504 INFO  [com.main.ArchiveApplicationTests] - The following 1 profile is active: "local"
2023-12-06 17:25:54.434 INFO  [com.zaxxer.hikari.HikariDataSource] - HikariCP - Starting...
2023-12-06 17:25:54.546 INFO  [com.zaxxer.hikari.pool.HikariPool] - HikariCP - Added connection net.sf.log4jdbc.sql.jdbcapi.ConnectionSpy@46c10083
2023-12-06 17:25:54.548 INFO  [com.zaxxer.hikari.HikariDataSource] - HikariCP - Start completed.
2023-12-06 17:25:54.935 INFO  [o.s.b.a.w.s.WelcomePageHandlerMapping] - Adding welcome page template: index
2023-12-06 17:25:55.306 INFO  [com.main.ArchiveApplicationTests] - Started ArchiveApplicationTests in 2.138 seconds (process running for 3.191)
2023-12-06 17:25:56.076 INFO  [com.zaxxer.hikari.HikariDataSource] - HikariCP - Shutdown initiated...
2023-12-06 17:25:56.081 INFO  [com.zaxxer.hikari.HikariDataSource] - HikariCP - Shutdown completed.
2023-12-06 17:27:32.499 INFO  [com.main.ArchiveApplication] - Starting ArchiveApplication using Java 17.0.9 with PID 10608 (C:\Users\kcs\eclipse\jee-2023-09\workspace\Archive\bin\main started by kcs in C:\Users\kcs\eclipse\jee-2023-09\workspace\Archive)
2023-12-06 17:27:32.501 INFO  [com.main.ArchiveApplication] - The following 1 profile is active: "local"
2023-12-06 17:27:32.538 INFO  [o.s.b.d.e.DevToolsPropertyDefaultsPostProcessor] - Devtools property defaults active! Set 'spring.devtools.add-properties' to 'false' to disable
2023-12-06 17:27:32.538 INFO  [o.s.b.d.e.DevToolsPropertyDefaultsPostProcessor] - For additional web related logging consider setting the 'logging.level.web' property to 'DEBUG'
2023-12-06 17:27:33.373 INFO  [o.s.b.w.embedded.tomcat.TomcatWebServer] - Tomcat initialized with port 8080 (http)
2023-12-06 17:27:33.380 INFO  [o.apache.coyote.http11.Http11NioProtocol] - Initializing ProtocolHandler ["http-nio-8080"]
2023-12-06 17:27:33.381 INFO  [o.apache.catalina.core.StandardService] - Starting service [Tomcat]
2023-12-06 17:27:33.381 INFO  [org.apache.catalina.core.StandardEngine] - Starting Servlet engine: [Apache Tomcat/10.1.16]
2023-12-06 17:27:33.510 INFO  [org.apache.jasper.servlet.TldScanner] - At least one JAR was scanned for TLDs yet contained no TLDs. Enable debug logging for this logger for a complete list of JARs that were scanned but no TLDs were found in them. Skipping unneeded JARs during scanning can improve startup time and JSP compilation time.
2023-12-06 17:27:33.517 INFO  [o.a.c.c.C.[Tomcat].[localhost].[/]] - Initializing Spring embedded WebApplicationContext
2023-12-06 17:27:33.517 INFO  [o.s.b.w.s.c.ServletWebServerApplicationContext] - Root WebApplicationContext: initialization completed in 978 ms
2023-12-06 17:27:33.594 INFO  [com.zaxxer.hikari.HikariDataSource] - HikariCP - Starting...
2023-12-06 17:27:33.659 INFO  [com.zaxxer.hikari.pool.HikariPool] - HikariCP - Added connection net.sf.log4jdbc.sql.jdbcapi.ConnectionSpy@532d9c42
2023-12-06 17:27:33.662 INFO  [com.zaxxer.hikari.HikariDataSource] - HikariCP - Start completed.
2023-12-06 17:27:33.810 INFO  [o.s.b.a.w.s.WelcomePageHandlerMapping] - Adding welcome page template: index
2023-12-06 17:27:34.066 INFO  [o.s.b.d.a.OptionalLiveReloadServer] - LiveReload server is running on port 35729
2023-12-06 17:27:34.079 INFO  [o.apache.coyote.http11.Http11NioProtocol] - Starting ProtocolHandler ["http-nio-8080"]
2023-12-06 17:27:34.106 INFO  [o.s.b.w.embedded.tomcat.TomcatWebServer] - Tomcat started on port 8080 (http) with context path ''
2023-12-06 17:27:34.114 INFO  [com.main.ArchiveApplication] - Started ArchiveApplication in 2.036 seconds (process running for 2.716)
2023-12-06 17:33:47.157 INFO  [o.a.c.c.C.[Tomcat].[localhost].[/]] - Initializing Spring DispatcherServlet 'dispatcherServlet'
2023-12-06 17:33:47.157 INFO  [o.s.web.servlet.DispatcherServlet] - Initializing Servlet 'dispatcherServlet'
2023-12-06 17:33:47.158 INFO  [o.s.web.servlet.DispatcherServlet] - Completed initialization in 1 ms
2023-12-06 17:33:47.184 INFO  [com.main.controller.BoardController] - board
2023-12-06 17:54:53.764 INFO  [o.s.b.a.SpringApplicationAdminMXBeanRegistrar$SpringApplicationAdmin] - Application shutdown requested.
2023-12-06 17:54:53.768 INFO  [o.apache.coyote.http11.Http11NioProtocol] - Stopping ProtocolHandler ["http-nio-8080"]
2023-12-06 17:54:53.783 INFO  [com.zaxxer.hikari.HikariDataSource] - HikariCP - Shutdown initiated...
2023-12-06 17:54:53.786 INFO  [com.zaxxer.hikari.HikariDataSource] - HikariCP - Shutdown completed.
